<?xml version="1.0" encoding="UTF-8" ?>
<testsuite tests="1" failures="0" name="com.online.college.common.AppTest" time="0.014" errors="0" skipped="0">
  <properties>
    <property name="java.runtime.name" value="Java(TM) SE Runtime Environment"/>
    <property name="sun.boot.library.path" value="F:\MyUtils\jdk-8u181-windows-x64\jre\bin"/>
    <property name="java.vm.version" value="25.181-b13"/>
    <property name="java.vm.vendor" value="Oracle Corporation"/>
    <property name="maven.multiModuleProjectDirectory" value="E:\JAVA\ocProject"/>
    <property name="java.vendor.url" value="http://java.oracle.com/"/>
    <property name="path.separator" value=";"/>
    <property name="guice.disable.misplaced.annotation.check" value="true"/>
    <property name="java.vm.name" value="Java HotSpot(TM) 64-Bit Server VM"/>
    <property name="file.encoding.pkg" value="sun.io"/>
    <property name="user.script" value=""/>
    <property name="user.country" value="CN"/>
    <property name="sun.java.launcher" value="SUN_STANDARD"/>
    <property name="sun.os.patch.level" value=""/>
    <property name="java.vm.specification.name" value="Java Virtual Machine Specification"/>
    <property name="user.dir" value="E:\JAVA\ocProject"/>
    <property name="java.runtime.version" value="1.8.0_181-b13"/>
    <property name="java.awt.graphicsenv" value="sun.awt.Win32GraphicsEnvironment"/>
    <property name="java.endorsed.dirs" value="F:\MyUtils\jdk-8u181-windows-x64\jre\lib\endorsed"/>
    <property name="os.arch" value="amd64"/>
    <property name="java.io.tmpdir" value="C:\Users\1\AppData\Local\Temp\"/>
    <property name="line.separator" value="
"/>
    <property name="java.vm.specification.vendor" value="Oracle Corporation"/>
    <property name="user.variant" value=""/>
    <property name="os.name" value="Windows 10"/>
    <property name="classworlds.conf" value="E:\JAVA\.metadata\.plugins\org.eclipse.m2e.launching\launches\m2conf7374819100630997176.tmp"/>
    <property name="sun.jnu.encoding" value="GBK"/>
    <property name="java.library.path" value="F:\MyUtils\jdk-8u181-windows-x64\bin;C:\WINDOWS\Sun\Java\bin;C:\WINDOWS\system32;C:\WINDOWS;F:/MyUtils/jdk-8u181-windows-x64/bin/../jre/bin/server;F:/MyUtils/jdk-8u181-windows-x64/bin/../jre/bin;F:/MyUtils/jdk-8u181-windows-x64/bin/../jre/lib/amd64;F:\MyUtils\jdk-8u181-windows-x64\bin;C:\ProgramData\Oracle\Java\javapath;f:\new folder;E:\mathDemo\bin\win32;C:\Users\1\AppData\Local\Programs\Python\Python35;C:\WINDOWS\system32;C:\WINDOWS;C:\WINDOWS\System32\Wbem;C:\WINDOWS\System32\WindowsPowerShell\v1.0\;F:\Python;F:\MyUtils\apache-tomcat-9.0.10-windows-x64\apache-tomcat-9.0.10\bin;F:\MyUtils\apache-tomcat-9.0.10-windows-x64\apache-tomcat-9.0.10\lib;F:\MyUtils\gradle-4.9-bin\gradle-4.9\bin;F:\MyUtils\mysql-8.0.12-winx64\mysql-8.0.12-winx64\bin;F:\MyUtils\Git-2.18.0-64-bit\Git\cmd;F:\Python\Scripts\;F:\Python\;C:\Users\1\AppData\Local\Microsoft\WindowsApps;C:\Program Files\MySQL\MySQL Server 5.7\bin;F:\codeblocks\MinGW\bin;C:\Users\1\Desktop;;."/>
    <property name="java.specification.name" value="Java Platform API Specification"/>
    <property name="java.class.version" value="52.0"/>
    <property name="sun.management.compiler" value="HotSpot 64-Bit Tiered Compilers"/>
    <property name="os.version" value="10.0"/>
    <property name="user.home" value="C:\Users\1"/>
    <property name="user.timezone" value="Asia/Shanghai"/>
    <property name="java.awt.printerjob" value="sun.awt.windows.WPrinterJob"/>
    <property name="java.specification.version" value="1.8"/>
    <property name="file.encoding" value="GBK"/>
    <property name="user.name" value="Admin!"/>
    <property name="java.class.path" value="F:\MyUtils\apache-maven-3.5.4-bin\apache-maven-3.5.4\boot\plexus-classworlds-2.5.2.jar"/>
    <property name="java.vm.specification.version" value="1.8"/>
    <property name="sun.arch.data.model" value="64"/>
    <property name="java.home" value="F:\MyUtils\jdk-8u181-windows-x64\jre"/>
    <property name="sun.java.command" value="org.codehaus.plexus.classworlds.launcher.Launcher -B -s F:\MyUtils\apache-maven-3.5.4-bin\apache-maven-3.5.4\conf\settings.xml install"/>
    <property name="java.specification.vendor" value="Oracle Corporation"/>
    <property name="user.language" value="zh"/>
    <property name="awt.toolkit" value="sun.awt.windows.WToolkit"/>
    <property name="java.vm.info" value="mixed mode"/>
    <property name="java.version" value="1.8.0_181"/>
    <property name="java.ext.dirs" value="F:\MyUtils\jdk-8u181-windows-x64\jre\lib\ext;C:\WINDOWS\Sun\Java\lib\ext"/>
    <property name="sun.boot.class.path" value="F:\MyUtils\jdk-8u181-windows-x64\jre\lib\resources.jar;F:\MyUtils\jdk-8u181-windows-x64\jre\lib\rt.jar;F:\MyUtils\jdk-8u181-windows-x64\jre\lib\sunrsasign.jar;F:\MyUtils\jdk-8u181-windows-x64\jre\lib\jsse.jar;F:\MyUtils\jdk-8u181-windows-x64\jre\lib\jce.jar;F:\MyUtils\jdk-8u181-windows-x64\jre\lib\charsets.jar;F:\MyUtils\jdk-8u181-windows-x64\jre\lib\jfr.jar;F:\MyUtils\jdk-8u181-windows-x64\jre\classes"/>
    <property name="java.vendor" value="Oracle Corporation"/>
    <property name="maven.home" value="F:\MyUtils\apache-maven-3.5.4-bin\apache-maven-3.5.4"/>
    <property name="file.separator" value="\"/>
    <property name="java.vendor.url.bug" value="http://bugreport.sun.com/bugreport/"/>
    <property name="sun.cpu.endian" value="little"/>
    <property name="sun.io.unicode.encoding" value="UnicodeLittle"/>
    <property name="sun.desktop" value="windows"/>
    <property name="sun.cpu.isalist" value="amd64"/>
  </properties>
  <testcase classname="com.online.college.common.AppTest" name="testApp" time="0.014"/>
</testsuite>